[ 2025-04-15 22:52:10,313 ] 248 django.request - WARNING - Not Found: /posts/create/font.css
[ 2025-04-15 22:52:15,367 ] 248 django.request - WARNING - Not Found: /posts/font.css
[ 2025-04-15 22:52:17,501 ] 248 django.request - WARNING - Not Found: /posts/my-posts/19/font.css
[ 2025-04-15 22:52:18,790 ] 248 django.request - WARNING - Not Found: /posts/my-posts/19/font.css
[ 2025-04-15 22:52:23,340 ] 248 django.request - WARNING - Not Found: /posts/font.css
[ 2025-04-15 22:52:24,988 ] 248 django.request - WARNING - Not Found: /posts/my-posts/19/font.css
[ 2025-04-15 22:52:56,529 ] 248 django.request - ERROR - Internal Server Error: /posts/my-posts/19/
Traceback (most recent call last):
  File "C:\Users\vivek\AppData\Local\Programs\Python\Python310\lib\site-packages\django\template\base.py", line 510, in parse
    compile_func = self.tags[command]
KeyError: 'endif'

During handling of the above exception, another exception occurred:

Traceback (most recent call last):
  File "C:\Users\vivek\AppData\Local\Programs\Python\Python310\lib\site-packages\django\core\handlers\exception.py", line 55, in inner
    response = get_response(request)
  File "C:\Users\vivek\AppData\Local\Programs\Python\Python310\lib\site-packages\django\core\handlers\base.py", line 197, in _get_response
    response = wrapped_callback(request, *callback_args, **callback_kwargs)
  File "C:\Users\vivek\AppData\Local\Programs\Python\Python310\lib\site-packages\django\contrib\auth\decorators.py", line 60, in _view_wrapper
    return view_func(request, *args, **kwargs)
  File "C:\Users\vivek\Desktop\Projects\Cyber Guardia\Cyber-Bullying-Detection\posts\views.py", line 103, in my_posts
    return render(request, 'posts/my_posts.html', {'my_posts':my_posts})
  File "C:\Users\vivek\AppData\Local\Programs\Python\Python310\lib\site-packages\django\shortcuts.py", line 25, in render
    content = loader.render_to_string(template_name, context, request, using=using)
  File "C:\Users\vivek\AppData\Local\Programs\Python\Python310\lib\site-packages\django\template\loader.py", line 61, in render_to_string
    template = get_template(template_name, using=using)
  File "C:\Users\vivek\AppData\Local\Programs\Python\Python310\lib\site-packages\django\template\loader.py", line 15, in get_template
    return engine.get_template(template_name)
  File "C:\Users\vivek\AppData\Local\Programs\Python\Python310\lib\site-packages\django\template\backends\django.py", line 79, in get_template
    return Template(self.engine.get_template(template_name), self)
  File "C:\Users\vivek\AppData\Local\Programs\Python\Python310\lib\site-packages\django\template\engine.py", line 177, in get_template
    template, origin = self.find_template(template_name)
  File "C:\Users\vivek\AppData\Local\Programs\Python\Python310\lib\site-packages\django\template\engine.py", line 159, in find_template
    template = loader.get_template(name, skip=skip)
  File "C:\Users\vivek\AppData\Local\Programs\Python\Python310\lib\site-packages\django\template\loaders\cached.py", line 57, in get_template
    template = super().get_template(template_name, skip)
  File "C:\Users\vivek\AppData\Local\Programs\Python\Python310\lib\site-packages\django\template\loaders\base.py", line 28, in get_template
    return Template(
  File "C:\Users\vivek\AppData\Local\Programs\Python\Python310\lib\site-packages\django\template\base.py", line 154, in __init__
    self.nodelist = self.compile_nodelist()
  File "C:\Users\vivek\AppData\Local\Programs\Python\Python310\lib\site-packages\django\template\base.py", line 196, in compile_nodelist
    nodelist = parser.parse()
  File "C:\Users\vivek\AppData\Local\Programs\Python\Python310\lib\site-packages\django\template\base.py", line 518, in parse
    raise self.error(token, e)
  File "C:\Users\vivek\AppData\Local\Programs\Python\Python310\lib\site-packages\django\template\base.py", line 516, in parse
    compiled_result = compile_func(self, token)
  File "C:\Users\vivek\AppData\Local\Programs\Python\Python310\lib\site-packages\django\template\loader_tags.py", line 295, in do_extends
    nodelist = parser.parse()
  File "C:\Users\vivek\AppData\Local\Programs\Python\Python310\lib\site-packages\django\template\base.py", line 518, in parse
    raise self.error(token, e)
  File "C:\Users\vivek\AppData\Local\Programs\Python\Python310\lib\site-packages\django\template\base.py", line 516, in parse
    compiled_result = compile_func(self, token)
  File "C:\Users\vivek\AppData\Local\Programs\Python\Python310\lib\site-packages\django\template\loader_tags.py", line 234, in do_block
    nodelist = parser.parse(("endblock",))
  File "C:\Users\vivek\AppData\Local\Programs\Python\Python310\lib\site-packages\django\template\base.py", line 512, in parse
    self.invalid_block_tag(token, command, parse_until)
  File "C:\Users\vivek\AppData\Local\Programs\Python\Python310\lib\site-packages\django\template\base.py", line 563, in invalid_block_tag
    raise self.error(
django.template.exceptions.TemplateSyntaxError: Invalid block tag on line 18: 'endif', expected 'endblock'. Did you forget to register or load this tag?
[ 2025-04-15 22:53:15,133 ] 248 django.request - WARNING - Not Found: /posts/my-posts/19/font.css
[ 2025-04-15 22:53:17,376 ] 248 django.request - WARNING - Not Found: /posts/my-posts/19/font.css
[ 2025-04-15 22:53:22,080 ] 248 django.request - WARNING - Not Found: /posts/my-posts/19/font.css
[ 2025-04-15 22:53:24,003 ] 248 django.request - WARNING - Not Found: /posts/my-posts/19/font.css
[ 2025-04-15 22:53:24,771 ] 248 django.request - WARNING - Not Found: /posts/create/font.css
[ 2025-04-15 22:53:25,747 ] 248 django.request - WARNING - Not Found: /posts/my-posts/19/font.css
[ 2025-04-15 22:54:04,008 ] 248 django.request - WARNING - Not Found: /posts/my-posts/19/font.css
[ 2025-04-15 22:54:12,368 ] 248 django.request - WARNING - Not Found: /posts/my-posts/19/font.css
[ 2025-04-15 22:54:14,419 ] 248 django.request - WARNING - Not Found: /posts/create/font.css
[ 2025-04-15 22:54:19,077 ] 248 django.request - WARNING - Not Found: /posts/font.css
[ 2025-04-15 22:54:20,779 ] 248 django.request - WARNING - Not Found: /posts/my-posts/19/font.css
[ 2025-04-15 22:54:22,022 ] 248 django.request - WARNING - Not Found: /posts/my-posts/19/font.css
[ 2025-04-15 22:54:56,852 ] 248 django.request - WARNING - Not Found: /posts/my-posts/19/font.css
[ 2025-04-15 22:54:58,953 ] 248 django.request - WARNING - Not Found: /posts/create/font.css
[ 2025-04-15 22:55:10,036 ] 248 django.request - WARNING - Not Found: /posts/font.css
[ 2025-04-15 22:55:11,946 ] 248 django.request - WARNING - Not Found: /posts/my-posts/19/font.css
[ 2025-04-15 22:55:13,359 ] 248 django.request - WARNING - Not Found: /posts/my-posts/19/font.css
[ 2025-04-15 22:55:33,713 ] 248 django.request - WARNING - Not Found: /posts/my-posts/19/font.css
[ 2025-04-15 22:55:35,302 ] 248 django.request - WARNING - Not Found: /posts/create/font.css
[ 2025-04-15 22:55:46,346 ] 248 django.request - WARNING - Not Found: /posts/font.css
[ 2025-04-15 22:55:48,009 ] 248 django.request - WARNING - Not Found: /posts/my-posts/19/font.css
[ 2025-04-15 22:55:49,797 ] 248 django.request - WARNING - Not Found: /posts/my-posts/19/font.css
[ 2025-04-15 23:02:16,559 ] 248 django.request - WARNING - Not Found: /posts/font.css
[ 2025-04-15 23:02:18,823 ] 248 django.request - WARNING - Not Found: /posts/my-posts/19/font.css
[ 2025-04-15 23:02:19,597 ] 248 django.request - WARNING - Not Found: /posts/create/font.css
[ 2025-04-15 23:02:23,987 ] 248 django.request - WARNING - Not Found: /profile/user/font.css
[ 2025-04-15 23:02:25,553 ] 248 django.request - WARNING - Not Found: /edit/font.css
[ 2025-04-15 23:02:27,803 ] 248 django.request - WARNING - Not Found: /profile/user/font.css
[ 2025-04-15 23:02:30,095 ] 248 django.request - WARNING - Not Found: /font.css
[ 2025-04-15 23:04:34,121 ] 266 django.utils.autoreload - INFO - C:\Users\vivek\Desktop\Projects\Cyber Guardia\Cyber-Bullying-Detection\admin_panel\views.py changed, reloading.
